#
# There is insufficient memory for the Java Runtime Environment to continue.
# Native memory allocation (mmap) failed to map 268435456 bytes for G1 virtual space
# Possible reasons:
#   The system is out of physical RAM or swap space
#   The process is running with CompressedOops enabled, and the Java Heap may be blocking the growth of the native heap
# Possible solutions:
#   Reduce memory load on the system
#   Increase physical memory or swap space
#   Check if swap backing store is full
#   Decrease Java heap size (-Xmx/-Xms)
#   Decrease number of Java threads
#   Decrease Java thread stack sizes (-Xss)
#   Set larger code cache with -XX:ReservedCodeCacheSize=
#   JVM is running with Zero Based Compressed Oops mode in which the Java heap is
#     placed in the first 32GB address space. The Java Heap base address is the
#     maximum limit for the native heap growth. Please use -XX:HeapBaseMinAddress
#     to set the Java Heap base and to place the Java Heap above 32GB virtual address.
# This output file may be truncated or incomplete.
#
#  Out of Memory Error (os_windows.cpp:3466), pid=18540, tid=11464
#
# JRE version:  (16.0.2+7) (build )
# Java VM: Java HotSpot(TM) 64-Bit Server VM (16.0.2+7-67, mixed mode, sharing, tiered, compressed oops, compressed class ptrs, g1 gc, windows-amd64)
# No core dump will be written. Minidumps are not enabled by default on client versions of Windows
#

---------------  S U M M A R Y ------------

Command Line: -javaagent:C:\Program Files\JetBrains\IntelliJ IDEA Community Edition 2021.2.3\lib\idea_rt.jar=59781:C:\Program Files\JetBrains\IntelliJ IDEA Community Edition 2021.2.3\bin -Dfile.encoding=UTF-8 com.isj.gestiondenote.ClientWeb.ProjetTutoreApplication

Host: Intel(R) Core(TM) i7-8750H CPU @ 2.20GHz, 12 cores, 15G,  Windows 10 , 64 bit Build 18362 (10.0.18362.329)
Time: Sun Dec 25 19:39:28 2022 Paris, Madrid elapsed time: 0.010777 seconds (0d 0h 0m 0s)

---------------  T H R E A D  ---------------

Current thread (0x00000205d6ae2ed0):  JavaThread "Unknown thread" [_thread_in_vm, id=11464, stack(0x00000007c4600000,0x00000007c4700000)]

Stack: [0x00000007c4600000,0x00000007c4700000]
Native frames: (J=compiled Java code, j=interpreted, Vv=VM code, C=native code)
V  [jvm.dll+0x6681ca]
V  [jvm.dll+0x7c9e69]
V  [jvm.dll+0x7cb61e]
V  [jvm.dll+0x7cbc73]
V  [jvm.dll+0x242c55]
V  [jvm.dll+0x664f89]
V  [jvm.dll+0x659b75]
V  [jvm.dll+0x2fbfbb]
V  [jvm.dll+0x3031b6]
V  [jvm.dll+0x35299e]
V  [jvm.dll+0x352bcf]
V  [jvm.dll+0x2d3028]
V  [jvm.dll+0x2d4264]
V  [jvm.dll+0x79c741]
V  [jvm.dll+0x360791]
V  [jvm.dll+0x77a3f0]
V  [jvm.dll+0x3e4e8f]
V  [jvm.dll+0x3e6961]
C  [jli.dll+0x52fb]
C  [ucrtbase.dll+0x20e72]
C  [KERNEL32.DLL+0x17bd4]
C  [ntdll.dll+0x6ced1]


---------------  P R O C E S S  ---------------

Threads class SMR info:
_java_thread_list=0x00007fff4a15cbb8, length=0, elements={
}

Java Threads: ( => current thread )

Other Threads:
  0x00000205d6b33560 GCTaskThread "GC Thread#0" [stack: 0x00000007c4700000,0x00000007c4800000] [id=17216]
  0x00000205d6b45480 ConcurrentGCThread "G1 Main Marker" [stack: 0x00000007c4800000,0x00000007c4900000] [id=15616]
  0x00000205d6b46690 ConcurrentGCThread "G1 Conc#0" [stack: 0x00000007c4900000,0x00000007c4a00000] [id=1248]

[error occurred during error reporting (printing all threads), id 0xc0000005, EXCEPTION_ACCESS_VIOLATION (0xc0000005) at pc=0x00007fff49933ee7]

VM state: not at safepoint (not fully initialized)

VM Mutex/Monitor currently owned by a thread:  ([mutex/lock_event])
[0x00000205d6ae0170] Heap_lock - owner thread: 0x00000205d6ae2ed0

Heap address: 0x00000004d6600000, size: 4070 MB, Compressed Oops mode: Zero based, Oop shift amount: 3

CDS archive(s) mapped at: [0x0000000000000000-0x0000000000000000-0x0000000000000000), size 0, SharedBaseAddress: 0x0000000800000000, ArchiveRelocationMode: 0.
Narrow klass base: 0x0000000000000000, Narrow klass shift: 0, Narrow klass range: 0x0

GC Precious Log:
<Empty>

Heap:
 garbage-first heap   total 0K, used 0K [0x00000004d6600000, 0x00000005d4c00000)
  region size 2048K, 0 young (0K), 0 survivors (0K)

[error occurred during error reporting (printing heap information), id 0xc0000005, EXCEPTION_ACCESS_VIOLATION (0xc0000005) at pc=0x00007fff49d11eed]

GC Heap History (0 events):
No events

Deoptimization events (0 events):
No events

Classes unloaded (0 events):
No events

Classes redefined (0 events):
No events

Internal exceptions (0 events):
No events

Events (1 events):
Event: 0.007 Loaded shared library C:\Program Files\Java\jdk-16.0.2\bin\java.dll


Dynamic libraries:
0x00007ff74c600000 - 0x00007ff74c610000 	C:\Program Files\Java\jdk-16.0.2\bin\java.exe
0x00007fff83940000 - 0x00007fff83b30000 	C:\Windows\SYSTEM32\ntdll.dll
0x00007fff82830000 - 0x00007fff828e2000 	C:\Windows\System32\KERNEL32.DLL
0x00007fff80f60000 - 0x00007fff81203000 	C:\Windows\System32\KERNELBASE.dll
0x00007fff80e60000 - 0x00007fff80f5a000 	C:\Windows\System32\ucrtbase.dll
0x00007fff7c4f0000 - 0x00007fff7c509000 	C:\Program Files\Java\jdk-16.0.2\bin\VCRUNTIME140.dll
0x00007fff7c510000 - 0x00007fff7c528000 	C:\Program Files\Java\jdk-16.0.2\bin\jli.dll
0x00007fff824f0000 - 0x00007fff82593000 	C:\Windows\System32\ADVAPI32.dll
0x00007fff82970000 - 0x00007fff82a0e000 	C:\Windows\System32\msvcrt.dll
0x00007fff82c10000 - 0x00007fff82ca7000 	C:\Windows\System32\sechost.dll
0x00007fff82a10000 - 0x00007fff82b30000 	C:\Windows\System32\RPCRT4.dll
0x00007fff81e00000 - 0x00007fff81f94000 	C:\Windows\System32\USER32.dll
0x00007fff6a5a0000 - 0x00007fff6a825000 	C:\Windows\WinSxS\amd64_microsoft.windows.common-controls_6595b64144ccf1df_6.0.18362.657_none_e6c5b579130e3898\COMCTL32.dll
0x00007fff81240000 - 0x00007fff81261000 	C:\Windows\System32\win32u.dll
0x00007fff82cb0000 - 0x00007fff82fe6000 	C:\Windows\System32\combase.dll
0x00007fff824c0000 - 0x00007fff824e6000 	C:\Windows\System32\GDI32.dll
0x00007fff80de0000 - 0x00007fff80e60000 	C:\Windows\System32\bcryptPrimitives.dll
0x00007fff808d0000 - 0x00007fff80a64000 	C:\Windows\System32\gdi32full.dll
0x00007fff80c70000 - 0x00007fff80d0e000 	C:\Windows\System32\msvcp_win.dll
0x00007fff7a2b0000 - 0x00007fff7a2ba000 	C:\Windows\SYSTEM32\VERSION.dll
0x00007fff81ce0000 - 0x00007fff81d0e000 	C:\Windows\System32\IMM32.DLL
0x00007fff7af20000 - 0x00007fff7af2c000 	C:\Program Files\Java\jdk-16.0.2\bin\vcruntime140_1.dll
0x00007fff4a200000 - 0x00007fff4a291000 	C:\Program Files\Java\jdk-16.0.2\bin\msvcp140.dll
0x00007fff49650000 - 0x00007fff4a1fb000 	C:\Program Files\Java\jdk-16.0.2\bin\server\jvm.dll
0x00007fff830a0000 - 0x00007fff830a8000 	C:\Windows\System32\PSAPI.DLL
0x00007fff7c590000 - 0x00007fff7c599000 	C:\Windows\SYSTEM32\WSOCK32.dll
0x00007fff7b2f0000 - 0x00007fff7b314000 	C:\Windows\SYSTEM32\WINMM.dll
0x00007fff82900000 - 0x00007fff8296f000 	C:\Windows\System32\WS2_32.dll
0x00007fff7b2c0000 - 0x00007fff7b2ed000 	C:\Windows\SYSTEM32\winmmbase.dll
0x00007fff80a70000 - 0x00007fff80aba000 	C:\Windows\System32\cfgmgr32.dll
0x00007fff80870000 - 0x00007fff80881000 	C:\Windows\System32\kernel.appcore.dll
0x00007fff79990000 - 0x00007fff7999a000 	C:\Program Files\Java\jdk-16.0.2\bin\jimage.dll
0x00007fff7f140000 - 0x00007fff7f334000 	C:\Windows\SYSTEM32\DBGHELP.DLL
0x00007fff5dfd0000 - 0x00007fff5dffa000 	C:\Windows\SYSTEM32\dbgcore.DLL
0x00007fff79980000 - 0x00007fff7998e000 	C:\Program Files\Java\jdk-16.0.2\bin\instrument.dll
0x00007fff76b20000 - 0x00007fff76b45000 	C:\Program Files\Java\jdk-16.0.2\bin\java.dll

dbghelp: loaded successfully - version: 4.0.5 - missing functions: none
symbol engine: initialized successfully - sym options: 0x614 - pdb path: .;C:\Program Files\Java\jdk-16.0.2\bin;C:\Windows\SYSTEM32;C:\Windows\WinSxS\amd64_microsoft.windows.common-controls_6595b64144ccf1df_6.0.18362.657_none_e6c5b579130e3898;C:\Program Files\Java\jdk-16.0.2\bin\server

VM Arguments:
jvm_args: -javaagent:C:\Program Files\JetBrains\IntelliJ IDEA Community Edition 2021.2.3\lib\idea_rt.jar=59781:C:\Program Files\JetBrains\IntelliJ IDEA Community Edition 2021.2.3\bin -Dfile.encoding=UTF-8 
java_command: com.isj.gestiondenote.ClientWeb.ProjetTutoreApplication
java_class_path (initial): D:\ISI\IS4\projet-tutore\Projet Tutoré\projet_tutore_inge4\target\classes;C:\Users\Honore\.m2\repository\org\springframework\boot\spring-boot-starter-thymeleaf\2.7.4\spring-boot-starter-thymeleaf-2.7.4.jar;C:\Users\Honore\.m2\repository\org\springframework\boot\spring-boot-starter\2.7.4\spring-boot-starter-2.7.4.jar;C:\Users\Honore\.m2\repository\org\springframework\boot\spring-boot-starter-logging\2.7.4\spring-boot-starter-logging-2.7.4.jar;C:\Users\Honore\.m2\repository\ch\qos\logback\logback-classic\1.2.11\logback-classic-1.2.11.jar;C:\Users\Honore\.m2\repository\ch\qos\logback\logback-core\1.2.11\logback-core-1.2.11.jar;C:\Users\Honore\.m2\repository\org\apache\logging\log4j\log4j-to-slf4j\2.17.2\log4j-to-slf4j-2.17.2.jar;C:\Users\Honore\.m2\repository\org\apache\logging\log4j\log4j-api\2.17.2\log4j-api-2.17.2.jar;C:\Users\Honore\.m2\repository\org\slf4j\jul-to-slf4j\1.7.36\jul-to-slf4j-1.7.36.jar;C:\Users\Honore\.m2\repository\jakarta\annotation\jakarta.annotation-api\1.3.5\jakarta.annotation-api-1.3.5.jar;C:\Users\Honore\.m2\repository\org\yaml\snakeyaml\1.30\snakeyaml-1.30.jar;C:\Users\Honore\.m2\repository\org\thymeleaf\thymeleaf-spring5\3.0.15.RELEASE\thymeleaf-spring5-3.0.15.RELEASE.jar;C:\Users\Honore\.m2\repository\org\thymeleaf\thymeleaf\3.0.15.RELEASE\thymeleaf-3.0.15.RELEASE.jar;C:\Users\Honore\.m2\repository\org\attoparser\attoparser\2.0.5.RELEASE\attoparser-2.0.5.RELEASE.jar;C:\Users\Honore\.m2\repository\org\unbescape\unbescape\1.1.6.RELEASE\unbescape-1.1.6.RELEASE.jar;C:\Users\Honore\.m2\repository\org\slf4j\slf4j-api\1.7.36\slf4j-api-1.7.36.jar;C:\Users\Honore\.m2\repository\org\thymeleaf\extras\thymeleaf-extras-java8time\3.0.4.RELEASE\thymeleaf-extras-java8time-3.0.4.RELEASE.jar;C:\Users\Honore\.m2\repository\org\springframework\boot\spring-boot-starter-web\2.7.4\spring-boot-starter-web-2.7.4.jar;C:\Users\Honore\.m2\repository\org\springframework\boot\spring-boot-starter-json\2.7.4\spring-boot-starter-json-2.7.4.jar;
Launcher Type: SUN_STANDARD

[Global flags]
     intx CICompilerCount                          = 4                                         {product} {ergonomic}
     uint ConcGCThreads                            = 3                                         {product} {ergonomic}
     uint G1ConcRefinementThreads                  = 10                                        {product} {ergonomic}
   size_t G1HeapRegionSize                         = 2097152                                   {product} {ergonomic}
    uintx GCDrainStackTargetSize                   = 64                                        {product} {ergonomic}
   size_t InitialHeapSize                          = 268435456                                 {product} {ergonomic}
   size_t MarkStackSize                            = 4194304                                   {product} {ergonomic}
   size_t MaxHeapSize                              = 4267704320                                {product} {ergonomic}
   size_t MinHeapDeltaBytes                        = 2097152                                   {product} {ergonomic}
   size_t MinHeapSize                              = 8388608                                   {product} {ergonomic}
    uintx NonNMethodCodeHeapSize                   = 5839372                                {pd product} {ergonomic}
    uintx NonProfiledCodeHeapSize                  = 122909434                              {pd product} {ergonomic}
    uintx ProfiledCodeHeapSize                     = 122909434                              {pd product} {ergonomic}
    uintx ReservedCodeCacheSize                    = 251658240                              {pd product} {ergonomic}
     bool SegmentedCodeCache                       = true                                      {product} {ergonomic}
   size_t SoftMaxHeapSize                          = 4267704320                             {manageable} {ergonomic}
     bool UseCompressedClassPointers               = true                           {product lp64_product} {ergonomic}
     bool UseCompressedOops                        = true                           {product lp64_product} {ergonomic}
     bool UseG1GC                                  = true                                      {product} {ergonomic}
     bool UseLargePagesIndividualAllocation        = false                                  {pd product} {ergonomic}

Logging:
Log output configuration:
 #0: stdout all=warning uptime,level,tags
 #1: stderr all=off uptime,level,tags

Environment Variables:
JAVA_HOME=C:\Program Files\Java\jdk1.8.0_202
PATH=C:\Python311\Scripts\;C:\Python311\;C:\Program Files\Common Files\Oracle\Java\javapath;C:\Program Files (x86)\Common Files\Oracle\Java\javapath;C:\Windows\system32;C:\Windows;C:\Windows\System32\Wbem;C:\Windows\System32\WindowsPowerShell\v1.0\;C:\Windows\System32\OpenSSH\;C:\Program Files\nodejs\;C:\ProgramData\chocolatey\bin;C:\Program Files\Git\cmd;C:\Program Files\Docker\Docker\resources\bin;C:\ProgramData\DockerDesktop\version-bin;C:\Program Files\MySQL\MySQL Shell 8.0\bin\;C:\Users\Honore\AppData\Local\Microsoft\WindowsApps;C:\Program Files\JetBrains\IntelliJ IDEA Community Edition 2021.2.3\bin;;C:\Users\Honore\AppData\Roaming\npm;C:\Users\Honore\AppData\Local\Programs\Microsoft VS Code\bin;C:\Program Files\Java\jdk-16.0.2\bin;C:\Program Files (x86)\apache-maven-3.6.3;C:\Program Files\Java\jdk1.8.0_202\bin;C:\Program Files (x86)\apache-maven-3.6.3\bin;
USERNAME=Honore
OS=Windows_NT
PROCESSOR_IDENTIFIER=Intel64 Family 6 Model 158 Stepping 10, GenuineIntel



---------------  S Y S T E M  ---------------

OS:
 Windows 10 , 64 bit Build 18362 (10.0.18362.329)
OS uptime: 1 days 8:38 hours

CPU: total 12 (initial active 12) (6 cores per cpu, 2 threads per core) family 6 model 158 stepping 10 microcode 0xb4, cx8, cmov, fxsr, ht, mmx, 3dnowpref, sse, sse2, sse3, ssse3, sse4.1, sse4.2, popcnt, lzcnt, tsc, tscinvbit, avx, avx2, aes, erms, clmul, bmi1, bmi2, adx, fma, vzeroupper, clflush, clflushopt

Memory: 4k page, system-wide physical 16272M (871M free)
TotalPageFile size 46716M (AvailPageFile size 224M)
current process WorkingSet (physical memory assigned to process): 10M, peak: 10M
current process commit charge ("private bytes"): 64M, peak: 320M

vm_info: Java HotSpot(TM) 64-Bit Server VM (16.0.2+7-67) for windows-amd64 JRE (16.0.2+7-67), built on Jun  8 2021 23:24:19 by "mach5one" with MS VC++ 16.7 (VS2019)

END.
