#
# There is insufficient memory for the Java Runtime Environment to continue.
# Native memory allocation (mmap) failed to map 65536 bytes for Failed to commit metaspace.
# Possible reasons:
#   The system is out of physical RAM or swap space
#   The process is running with CompressedOops enabled, and the Java Heap may be blocking the growth of the native heap
# Possible solutions:
#   Reduce memory load on the system
#   Increase physical memory or swap space
#   Check if swap backing store is full
#   Decrease Java heap size (-Xmx/-Xms)
#   Decrease number of Java threads
#   Decrease Java thread stack sizes (-Xss)
#   Set larger code cache with -XX:ReservedCodeCacheSize=
#   JVM is running with Zero Based Compressed Oops mode in which the Java heap is
#     placed in the first 32GB address space. The Java Heap base address is the
#     maximum limit for the native heap growth. Please use -XX:HeapBaseMinAddress
#     to set the Java Heap base and to place the Java Heap above 32GB virtual address.
# This output file may be truncated or incomplete.
#
#  Out of Memory Error (virtualSpaceNode.cpp:108), pid=10668, tid=2928
#
# JRE version: Java(TM) SE Runtime Environment (16.0.2+7) (build 16.0.2+7-67)
# Java VM: Java HotSpot(TM) 64-Bit Server VM (16.0.2+7-67, mixed mode, sharing, tiered, compressed oops, compressed class ptrs, g1 gc, windows-amd64)
# No core dump will be written. Minidumps are not enabled by default on client versions of Windows
#

---------------  S U M M A R Y ------------

Command Line: -javaagent:C:\Program Files\JetBrains\IntelliJ IDEA Community Edition 2021.2.3\lib\idea_rt.jar=59799:C:\Program Files\JetBrains\IntelliJ IDEA Community Edition 2021.2.3\bin -Dfile.encoding=UTF-8 com.isj.gestiondenote.ClientWeb.ProjetTutoreApplication

Host: Intel(R) Core(TM) i7-8750H CPU @ 2.20GHz, 12 cores, 15G,  Windows 10 , 64 bit Build 18362 (10.0.18362.329)
Time: Sun Dec 25 19:39:48 2022 Paris, Madrid elapsed time: 0.275728 seconds (0d 0h 0m 0s)

---------------  T H R E A D  ---------------

Current thread (0x00000189cfa03da0):  JavaThread "main" [_thread_in_vm, id=2928, stack(0x0000007d63400000,0x0000007d63500000)]

Stack: [0x0000007d63400000,0x0000007d63500000]
Native frames: (J=compiled Java code, j=interpreted, Vv=VM code, C=native code)
V  [jvm.dll+0x6681ca]
V  [jvm.dll+0x7c9e69]
V  [jvm.dll+0x7cb61e]
V  [jvm.dll+0x7cbc73]
V  [jvm.dll+0x242c55]
V  [jvm.dll+0x7c64eb]
V  [jvm.dll+0x60ddd6]
V  [jvm.dll+0x60de3a]
V  [jvm.dll+0x61046a]
V  [jvm.dll+0x60e6d1]
V  [jvm.dll+0x23709f]
V  [jvm.dll+0x618d55]
V  [jvm.dll+0x1e97ef]
V  [jvm.dll+0x1e9d25]
V  [jvm.dll+0x1ea8af]
V  [jvm.dll+0x1df631]
V  [jvm.dll+0x535ff8]
V  [jvm.dll+0x1f0d52]
V  [jvm.dll+0x741863]
V  [jvm.dll+0x743108]
V  [jvm.dll+0x743433]
V  [jvm.dll+0x23ab24]
V  [jvm.dll+0x377481]
C  0x00000189d717fd68

Java frames: (J=compiled Java code, j=interpreted, Vv=VM code)
j  sun.security.provider.PolicyFile.getKnownPermission(Ljava/lang/Class;Ljava/lang/String;Ljava/lang/String;)Ljava/security/Permission;+61 java.base@16.0.2
j  sun.security.provider.PolicyFile.getInstance(Ljava/lang/String;Ljava/lang/String;Ljava/lang/String;)Ljava/security/Permission;+10 java.base@16.0.2
j  sun.security.provider.PolicyFile.addGrantEntry(Lsun/security/provider/PolicyParser$GrantEntry;Ljava/security/KeyStore;Lsun/security/provider/PolicyFile$PolicyInfo;)V+388 java.base@16.0.2
j  sun.security.provider.PolicyFile.initDefaultPolicy(Lsun/security/provider/PolicyFile$PolicyInfo;)V+115 java.base@16.0.2
j  sun.security.provider.PolicyFile$2.run()Ljava/lang/Void;+8 java.base@16.0.2
j  sun.security.provider.PolicyFile$2.run()Ljava/lang/Object;+1 java.base@16.0.2
j  java.security.AccessController.executePrivileged(Ljava/security/PrivilegedAction;Ljava/security/AccessControlContext;Ljava/lang/Class;)Ljava/lang/Object;+29 java.base@16.0.2
j  java.security.AccessController.doPrivileged(Ljava/security/PrivilegedAction;)Ljava/lang/Object;+5 java.base@16.0.2
j  sun.security.provider.PolicyFile.initPolicyFile(Lsun/security/provider/PolicyFile$PolicyInfo;Ljava/net/URL;)V+9 java.base@16.0.2
j  sun.security.provider.PolicyFile.init(Ljava/net/URL;)V+50 java.base@16.0.2
j  sun.security.provider.PolicyFile.<init>()V+24 java.base@16.0.2
j  java.security.Policy.loadPolicyProvider()Ljava/security/Policy;+38 java.base@16.0.2
j  java.security.Policy.getPolicyNoCheck()Ljava/security/Policy;+34 java.base@16.0.2
j  java.security.ProtectionDomain.implies(Ljava/security/Permission;)Z+16 java.base@16.0.2
j  java.security.ProtectionDomain.impliesWithAltFilePerm(Ljava/security/Permission;)Z+23 java.base@16.0.2
j  java.security.AccessControlContext.checkPermission(Ljava/security/Permission;)V+323 java.base@16.0.2
j  java.security.AccessController.checkPermission(Ljava/security/Permission;)V+161 java.base@16.0.2
j  ch.qos.logback.core.util.Loader$1.run()Ljava/lang/Boolean;+9
j  ch.qos.logback.core.util.Loader$1.run()Ljava/lang/Object;+1
j  java.security.AccessController.executePrivileged(Ljava/security/PrivilegedAction;Ljava/security/AccessControlContext;Ljava/lang/Class;)Ljava/lang/Object;+29 java.base@16.0.2
j  java.security.AccessController.doPrivileged(Ljava/security/PrivilegedAction;)Ljava/lang/Object;+5 java.base@16.0.2
j  ch.qos.logback.core.util.Loader.<clinit>()V+34
v  ~StubRoutines::call_stub
j  ch.qos.logback.classic.util.ContextInitializer.findURLOfDefaultConfigurationFile(Z)Ljava/net/URL;+1
j  ch.qos.logback.classic.util.ContextInitializer.autoConfig()V+9
j  org.slf4j.impl.StaticLoggerBinder.init()V+11
j  org.slf4j.impl.StaticLoggerBinder.<clinit>()V+28
v  ~StubRoutines::call_stub
j  org.slf4j.LoggerFactory.bind()V+16
j  org.slf4j.LoggerFactory.performInitialization()V+0
j  org.slf4j.LoggerFactory.getILoggerFactory()Lorg/slf4j/ILoggerFactory;+21
j  org.slf4j.LoggerFactory.getLogger(Ljava/lang/String;)Lorg/slf4j/Logger;+0
j  org.apache.commons.logging.LogAdapter$Slf4jAdapter.createLocationAwareLog(Ljava/lang/String;)Lorg/apache/commons/logging/Log;+1
j  org.apache.commons.logging.LogAdapter.createLog(Ljava/lang/String;)Lorg/apache/commons/logging/Log;+42
j  org.apache.commons.logging.LogFactory.getLog(Ljava/lang/String;)Lorg/apache/commons/logging/Log;+1
j  org.apache.commons.logging.LogFactory.getLog(Ljava/lang/Class;)Lorg/apache/commons/logging/Log;+4
j  org.springframework.boot.SpringApplication.<clinit>()V+2
v  ~StubRoutines::call_stub
j  com.isj.gestiondenote.ClientWeb.ProjetTutoreApplication.main([Ljava/lang/String;)V+3
v  ~StubRoutines::call_stub

---------------  P R O C E S S  ---------------

Threads class SMR info:
_java_thread_list=0x00000189f374dfa0, length=14, elements={
0x00000189cfa03da0, 0x00000189f2a8c790, 0x00000189f2a8f570, 0x00000189f2a938a0,
0x00000189f2a98f80, 0x00000189f2a9b8a0, 0x00000189f2aa41c0, 0x00000189f2aa83b0,
0x00000189f2aaadc0, 0x00000189f3408070, 0x00000189f34c5c90, 0x00000189f34fd640,
0x00000189f3731bb0, 0x00000189f3764d40
}

Java Threads: ( => current thread )
=>0x00000189cfa03da0 JavaThread "main" [_thread_in_vm, id=2928, stack(0x0000007d63400000,0x0000007d63500000)]
  0x00000189f2a8c790 JavaThread "Reference Handler" daemon [_thread_blocked, id=15152, stack(0x0000007d63b00000,0x0000007d63c00000)]
  0x00000189f2a8f570 JavaThread "Finalizer" daemon [_thread_blocked, id=18224, stack(0x0000007d63c00000,0x0000007d63d00000)]
  0x00000189f2a938a0 JavaThread "Signal Dispatcher" daemon [_thread_blocked, id=18752, stack(0x0000007d63d00000,0x0000007d63e00000)]
  0x00000189f2a98f80 JavaThread "Attach Listener" daemon [_thread_blocked, id=22772, stack(0x0000007d63e00000,0x0000007d63f00000)]
  0x00000189f2a9b8a0 JavaThread "Service Thread" daemon [_thread_blocked, id=10256, stack(0x0000007d63f00000,0x0000007d64000000)]
  0x00000189f2aa41c0 JavaThread "Monitor Deflation Thread" daemon [_thread_blocked, id=2392, stack(0x0000007d64000000,0x0000007d64100000)]
  0x00000189f2aa83b0 JavaThread "C2 CompilerThread0" daemon [_thread_blocked, id=13468, stack(0x0000007d64100000,0x0000007d64200000)]
  0x00000189f2aaadc0 JavaThread "C1 CompilerThread0" daemon [_thread_in_vm, id=9352, stack(0x0000007d64200000,0x0000007d64300000)]
  0x00000189f3408070 JavaThread "Sweeper thread" daemon [_thread_blocked, id=11652, stack(0x0000007d64300000,0x0000007d64400000)]
  0x00000189f34c5c90 JavaThread "Common-Cleaner" daemon [_thread_blocked, id=10016, stack(0x0000007d64400000,0x0000007d64500000)]
  0x00000189f34fd640 JavaThread "C2 CompilerThread1" daemon [_thread_blocked, id=13864, stack(0x0000007d64500000,0x0000007d64600000)]
  0x00000189f3731bb0 JavaThread "Monitor Ctrl-Break" daemon [_thread_in_native, id=23360, stack(0x0000007d64600000,0x0000007d64700000)]
  0x00000189f3764d40 JavaThread "Notification Thread" daemon [_thread_blocked, id=11344, stack(0x0000007d64700000,0x0000007d64800000)]

Other Threads:
  0x00000189f2a89c40 VMThread "VM Thread" [stack: 0x0000007d63a00000,0x0000007d63b00000] [id=17312]
  0x00000189f374f490 WatcherThread [stack: 0x0000007d64800000,0x0000007d64900000] [id=5724]
  0x00000189cfa557c0 GCTaskThread "GC Thread#0" [stack: 0x0000007d63500000,0x0000007d63600000] [id=8500]
  0x00000189cfa67670 ConcurrentGCThread "G1 Main Marker" [stack: 0x0000007d63600000,0x0000007d63700000] [id=21792]
  0x00000189cfa68810 ConcurrentGCThread "G1 Conc#0" [stack: 0x0000007d63700000,0x0000007d63800000] [id=16344]
  0x00000189f29444e0 ConcurrentGCThread "G1 Refine#0" [stack: 0x0000007d63800000,0x0000007d63900000] [id=4576]
  0x00000189cfac9430 ConcurrentGCThread "G1 Service" [stack: 0x0000007d63900000,0x0000007d63a00000] [id=12952]

Threads with active compile tasks:
C1 CompilerThread0      307  406       3       sun.security.provider.PolicyParser::match (788 bytes)

VM state: not at safepoint (normal execution)

VM Mutex/Monitor currently owned by a thread:  ([mutex/lock_event])
[0x00000189cf9ff7c0] MetaspaceExpand_lock - owner thread: 0x00000189cfa03da0
[0x00000189cfa008f0] MethodData_lock - owner thread: 0x00000189f2aaadc0

Heap address: 0x0000000701a00000, size: 4070 MB, Compressed Oops mode: Zero based, Oop shift amount: 3

CDS archive(s) mapped at: [0x0000000800000000-0x0000000800bb0000-0x0000000800bb0000), size 12255232, SharedBaseAddress: 0x0000000800000000, ArchiveRelocationMode: 0.
Compressed class space mapped at: 0x0000000800c00000-0x0000000840c00000, reserved size: 1073741824
Narrow klass base: 0x0000000800000000, Narrow klass shift: 3, Narrow klass range: 0x100000000

GC Precious Log:
 CPUs: 12 total, 12 available
 Memory: 16272M
 Large Page Support: Disabled
 NUMA Support: Disabled
 Compressed Oops: Enabled (Zero based)
 Heap Region Size: 2M
 Heap Min Capacity: 8M
 Heap Initial Capacity: 256M
 Heap Max Capacity: 4070M
 Pre-touch: Disabled
 Parallel Workers: 10
 Concurrent Workers: 3
 Concurrent Refinement Workers: 10
 Periodic GC: Disabled

Heap:
 garbage-first heap   total 262144K, used 6144K [0x0000000701a00000, 0x0000000800000000)
  region size 2048K, 4 young (8192K), 0 survivors (0K)
 Metaspace       used 1718K, committed 1792K, reserved 1056768K
  class space    used 135K, committed 192K, reserved 1048576K

Heap Regions: E=young(eden), S=young(survivor), O=old, HS=humongous(starts), HC=humongous(continues), CS=collection set, F=free, OA=open archive, CA=closed archive, TAMS=top-at-mark-start (previous, next)
|   0|0x0000000701a00000, 0x0000000701a00000, 0x0000000701c00000|  0%| F|  |TAMS 0x0000000701a00000, 0x0000000701a00000| Untracked 
|   1|0x0000000701c00000, 0x0000000701c00000, 0x0000000701e00000|  0%| F|  |TAMS 0x0000000701c00000, 0x0000000701c00000| Untracked 
|   2|0x0000000701e00000, 0x0000000701e00000, 0x0000000702000000|  0%| F|  |TAMS 0x0000000701e00000, 0x0000000701e00000| Untracked 
|   3|0x0000000702000000, 0x0000000702000000, 0x0000000702200000|  0%| F|  |TAMS 0x0000000702000000, 0x0000000702000000| Untracked 
|   4|0x0000000702200000, 0x0000000702200000, 0x0000000702400000|  0%| F|  |TAMS 0x0000000702200000, 0x0000000702200000| Untracked 
|   5|0x0000000702400000, 0x0000000702400000, 0x0000000702600000|  0%| F|  |TAMS 0x0000000702400000, 0x0000000702400000| Untracked 
|   6|0x0000000702600000, 0x0000000702600000, 0x0000000702800000|  0%| F|  |TAMS 0x0000000702600000, 0x0000000702600000| Untracked 
|   7|0x0000000702800000, 0x0000000702800000, 0x0000000702a00000|  0%| F|  |TAMS 0x0000000702800000, 0x0000000702800000| Untracked 
|   8|0x0000000702a00000, 0x0000000702a00000, 0x0000000702c00000|  0%| F|  |TAMS 0x0000000702a00000, 0x0000000702a00000| Untracked 
|   9|0x0000000702c00000, 0x0000000702c00000, 0x0000000702e00000|  0%| F|  |TAMS 0x0000000702c00000, 0x0000000702c00000| Untracked 
|  10|0x0000000702e00000, 0x0000000702e00000, 0x0000000703000000|  0%| F|  |TAMS 0x0000000702e00000, 0x0000000702e00000| Untracked 
|  11|0x0000000703000000, 0x0000000703000000, 0x0000000703200000|  0%| F|  |TAMS 0x0000000703000000, 0x0000000703000000| Untracked 
|  12|0x0000000703200000, 0x0000000703200000, 0x0000000703400000|  0%| F|  |TAMS 0x0000000703200000, 0x0000000703200000| Untracked 
|  13|0x0000000703400000, 0x0000000703400000, 0x0000000703600000|  0%| F|  |TAMS 0x0000000703400000, 0x0000000703400000| Untracked 
|  14|0x0000000703600000, 0x0000000703600000, 0x0000000703800000|  0%| F|  |TAMS 0x0000000703600000, 0x0000000703600000| Untracked 
|  15|0x0000000703800000, 0x0000000703800000, 0x0000000703a00000|  0%| F|  |TAMS 0x0000000703800000, 0x0000000703800000| Untracked 
|  16|0x0000000703a00000, 0x0000000703a00000, 0x0000000703c00000|  0%| F|  |TAMS 0x0000000703a00000, 0x0000000703a00000| Untracked 
|  17|0x0000000703c00000, 0x0000000703c00000, 0x0000000703e00000|  0%| F|  |TAMS 0x0000000703c00000, 0x0000000703c00000| Untracked 
|  18|0x0000000703e00000, 0x0000000703e00000, 0x0000000704000000|  0%| F|  |TAMS 0x0000000703e00000, 0x0000000703e00000| Untracked 
|  19|0x0000000704000000, 0x0000000704000000, 0x0000000704200000|  0%| F|  |TAMS 0x0000000704000000, 0x0000000704000000| Untracked 
|  20|0x0000000704200000, 0x0000000704200000, 0x0000000704400000|  0%| F|  |TAMS 0x0000000704200000, 0x0000000704200000| Untracked 
|  21|0x0000000704400000, 0x0000000704400000, 0x0000000704600000|  0%| F|  |TAMS 0x0000000704400000, 0x0000000704400000| Untracked 
|  22|0x0000000704600000, 0x0000000704600000, 0x0000000704800000|  0%| F|  |TAMS 0x0000000704600000, 0x0000000704600000| Untracked 
|  23|0x0000000704800000, 0x0000000704800000, 0x0000000704a00000|  0%| F|  |TAMS 0x0000000704800000, 0x0000000704800000| Untracked 
|  24|0x0000000704a00000, 0x0000000704a00000, 0x0000000704c00000|  0%| F|  |TAMS 0x0000000704a00000, 0x0000000704a00000| Untracked 
|  25|0x0000000704c00000, 0x0000000704c00000, 0x0000000704e00000|  0%| F|  |TAMS 0x0000000704c00000, 0x0000000704c00000| Untracked 
|  26|0x0000000704e00000, 0x0000000704e00000, 0x0000000705000000|  0%| F|  |TAMS 0x0000000704e00000, 0x0000000704e00000| Untracked 
|  27|0x0000000705000000, 0x0000000705000000, 0x0000000705200000|  0%| F|  |TAMS 0x0000000705000000, 0x0000000705000000| Untracked 
|  28|0x0000000705200000, 0x0000000705200000, 0x0000000705400000|  0%| F|  |TAMS 0x0000000705200000, 0x0000000705200000| Untracked 
|  29|0x0000000705400000, 0x0000000705400000, 0x0000000705600000|  0%| F|  |TAMS 0x0000000705400000, 0x0000000705400000| Untracked 
|  30|0x0000000705600000, 0x0000000705600000, 0x0000000705800000|  0%| F|  |TAMS 0x0000000705600000, 0x0000000705600000| Untracked 
|  31|0x0000000705800000, 0x0000000705800000, 0x0000000705a00000|  0%| F|  |TAMS 0x0000000705800000, 0x0000000705800000| Untracked 
|  32|0x0000000705a00000, 0x0000000705a00000, 0x0000000705c00000|  0%| F|  |TAMS 0x0000000705a00000, 0x0000000705a00000| Untracked 
|  33|0x0000000705c00000, 0x0000000705c00000, 0x0000000705e00000|  0%| F|  |TAMS 0x0000000705c00000, 0x0000000705c00000| Untracked 
|  34|0x0000000705e00000, 0x0000000705e00000, 0x0000000706000000|  0%| F|  |TAMS 0x0000000705e00000, 0x0000000705e00000| Untracked 
|  35|0x0000000706000000, 0x0000000706000000, 0x0000000706200000|  0%| F|  |TAMS 0x0000000706000000, 0x0000000706000000| Untracked 
|  36|0x0000000706200000, 0x0000000706200000, 0x0000000706400000|  0%| F|  |TAMS 0x0000000706200000, 0x0000000706200000| Untracked 
|  37|0x0000000706400000, 0x0000000706400000, 0x0000000706600000|  0%| F|  |TAMS 0x0000000706400000, 0x0000000706400000| Untracked 
|  38|0x0000000706600000, 0x0000000706600000, 0x0000000706800000|  0%| F|  |TAMS 0x0000000706600000, 0x0000000706600000| Untracked 
|  39|0x0000000706800000, 0x0000000706800000, 0x0000000706a00000|  0%| F|  |TAMS 0x0000000706800000, 0x0000000706800000| Untracked 
|  40|0x0000000706a00000, 0x0000000706a00000, 0x0000000706c00000|  0%| F|  |TAMS 0x0000000706a00000, 0x0000000706a00000| Untracked 
|  41|0x0000000706c00000, 0x0000000706c00000, 0x0000000706e00000|  0%| F|  |TAMS 0x0000000706c00000, 0x0000000706c00000| Untracked 
|  42|0x0000000706e00000, 0x0000000706e00000, 0x0000000707000000|  0%| F|  |TAMS 0x0000000706e00000, 0x0000000706e00000| Untracked 
|  43|0x0000000707000000, 0x0000000707000000, 0x0000000707200000|  0%| F|  |TAMS 0x0000000707000000, 0x0000000707000000| Untracked 
|  44|0x0000000707200000, 0x0000000707200000, 0x0000000707400000|  0%| F|  |TAMS 0x0000000707200000, 0x0000000707200000| Untracked 
|  45|0x0000000707400000, 0x0000000707400000, 0x0000000707600000|  0%| F|  |TAMS 0x0000000707400000, 0x0000000707400000| Untracked 
|  46|0x0000000707600000, 0x0000000707600000, 0x0000000707800000|  0%| F|  |TAMS 0x0000000707600000, 0x0000000707600000| Untracked 
|  47|0x0000000707800000, 0x0000000707800000, 0x0000000707a00000|  0%| F|  |TAMS 0x0000000707800000, 0x0000000707800000| Untracked 
|  48|0x0000000707a00000, 0x0000000707a00000, 0x0000000707c00000|  0%| F|  |TAMS 0x0000000707a00000, 0x0000000707a00000| Untracked 
|  49|0x0000000707c00000, 0x0000000707c00000, 0x0000000707e00000|  0%| F|  |TAMS 0x0000000707c00000, 0x0000000707c00000| Untracked 
|  50|0x0000000707e00000, 0x0000000707e00000, 0x0000000708000000|  0%| F|  |TAMS 0x0000000707e00000, 0x0000000707e00000| Untracked 
|  51|0x0000000708000000, 0x0000000708000000, 0x0000000708200000|  0%| F|  |TAMS 0x0000000708000000, 0x0000000708000000| Untracked 
|  52|0x0000000708200000, 0x0000000708200000, 0x0000000708400000|  0%| F|  |TAMS 0x0000000708200000, 0x0000000708200000| Untracked 
|  53|0x0000000708400000, 0x0000000708400000, 0x0000000708600000|  0%| F|  |TAMS 0x0000000708400000, 0x0000000708400000| Untracked 
|  54|0x0000000708600000, 0x0000000708600000, 0x0000000708800000|  0%| F|  |TAMS 0x0000000708600000, 0x0000000708600000| Untracked 
|  55|0x0000000708800000, 0x0000000708800000, 0x0000000708a00000|  0%| F|  |TAMS 0x0000000708800000, 0x0000000708800000| Untracked 
|  56|0x0000000708a00000, 0x0000000708a00000, 0x0000000708c00000|  0%| F|  |TAMS 0x0000000708a00000, 0x0000000708a00000| Untracked 
|  57|0x0000000708c00000, 0x0000000708c00000, 0x0000000708e00000|  0%| F|  |TAMS 0x0000000708c00000, 0x0000000708c00000| Untracked 
|  58|0x0000000708e00000, 0x0000000708e00000, 0x0000000709000000|  0%| F|  |TAMS 0x0000000708e00000, 0x0000000708e00000| Untracked 
|  59|0x0000000709000000, 0x0000000709000000, 0x0000000709200000|  0%| F|  |TAMS 0x0000000709000000, 0x0000000709000000| Untracked 
|  60|0x0000000709200000, 0x0000000709200000, 0x0000000709400000|  0%| F|  |TAMS 0x0000000709200000, 0x0000000709200000| Untracked 
|  61|0x0000000709400000, 0x0000000709400000, 0x0000000709600000|  0%| F|  |TAMS 0x0000000709400000, 0x0000000709400000| Untracked 
|  62|0x0000000709600000, 0x0000000709600000, 0x0000000709800000|  0%| F|  |TAMS 0x0000000709600000, 0x0000000709600000| Untracked 
|  63|0x0000000709800000, 0x0000000709800000, 0x0000000709a00000|  0%| F|  |TAMS 0x0000000709800000, 0x0000000709800000| Untracked 
|  64|0x0000000709a00000, 0x0000000709a00000, 0x0000000709c00000|  0%| F|  |TAMS 0x0000000709a00000, 0x0000000709a00000| Untracked 
|  65|0x0000000709c00000, 0x0000000709c00000, 0x0000000709e00000|  0%| F|  |TAMS 0x0000000709c00000, 0x0000000709c00000| Untracked 
|  66|0x0000000709e00000, 0x0000000709e00000, 0x000000070a000000|  0%| F|  |TAMS 0x0000000709e00000, 0x0000000709e00000| Untracked 
|  67|0x000000070a000000, 0x000000070a000000, 0x000000070a200000|  0%| F|  |TAMS 0x000000070a000000, 0x000000070a000000| Untracked 
|  68|0x000000070a200000, 0x000000070a200000, 0x000000070a400000|  0%| F|  |TAMS 0x000000070a200000, 0x000000070a200000| Untracked 
|  69|0x000000070a400000, 0x000000070a400000, 0x000000070a600000|  0%| F|  |TAMS 0x000000070a400000, 0x000000070a400000| Untracked 
|  70|0x000000070a600000, 0x000000070a600000, 0x000000070a800000|  0%| F|  |TAMS 0x000000070a600000, 0x000000070a600000| Untracked 
|  71|0x000000070a800000, 0x000000070a800000, 0x000000070aa00000|  0%| F|  |TAMS 0x000000070a800000, 0x000000070a800000| Untracked 
|  72|0x000000070aa00000, 0x000000070aa00000, 0x000000070ac00000|  0%| F|  |TAMS 0x000000070aa00000, 0x000000070aa00000| Untracked 
|  73|0x000000070ac00000, 0x000000070ac00000, 0x000000070ae00000|  0%| F|  |TAMS 0x000000070ac00000, 0x000000070ac00000| Untracked 
|  74|0x000000070ae00000, 0x000000070ae00000, 0x000000070b000000|  0%| F|  |TAMS 0x000000070ae00000, 0x000000070ae00000| Untracked 
|  75|0x000000070b000000, 0x000000070b000000, 0x000000070b200000|  0%| F|  |TAMS 0x000000070b000000, 0x000000070b000000| Untracked 
|  76|0x000000070b200000, 0x000000070b200000, 0x000000070b400000|  0%| F|  |TAMS 0x000000070b200000, 0x000000070b200000| Untracked 
|  77|0x000000070b400000, 0x000000070b400000, 0x000000070b600000|  0%| F|  |TAMS 0x000000070b400000, 0x000000070b400000| Untracked 
|  78|0x000000070b600000, 0x000000070b600000, 0x000000070b800000|  0%| F|  |TAMS 0x000000070b600000, 0x000000070b600000| Untracked 
|  79|0x000000070b800000, 0x000000070b800000, 0x000000070ba00000|  0%| F|  |TAMS 0x000000070b800000, 0x000000070b800000| Untracked 
|  80|0x000000070ba00000, 0x000000070ba00000, 0x000000070bc00000|  0%| F|  |TAMS 0x000000070ba00000, 0x000000070ba00000| Untracked 
|  81|0x000000070bc00000, 0x000000070bc00000, 0x000000070be00000|  0%| F|  |TAMS 0x000000070bc00000, 0x000000070bc00000| Untracked 
|  82|0x000000070be00000, 0x000000070be00000, 0x000000070c000000|  0%| F|  |TAMS 0x000000070be00000, 0x000000070be00000| Untracked 
|  83|0x000000070c000000, 0x000000070c000000, 0x000000070c200000|  0%| F|  |TAMS 0x000000070c000000, 0x000000070c000000| Untracked 
|  84|0x000000070c200000, 0x000000070c200000, 0x000000070c400000|  0%| F|  |TAMS 0x000000070c200000, 0x000000070c200000| Untracked 
|  85|0x000000070c400000, 0x000000070c400000, 0x000000070c600000|  0%| F|  |TAMS 0x000000070c400000, 0x000000070c400000| Untracked 
|  86|0x000000070c600000, 0x000000070c600000, 0x000000070c800000|  0%| F|  |TAMS 0x000000070c600000, 0x000000070c600000| Untracked 
|  87|0x000000070c800000, 0x000000070c800000, 0x000000070ca00000|  0%| F|  |TAMS 0x000000070c800000, 0x000000070c800000| Untracked 
|  88|0x000000070ca00000, 0x000000070ca00000, 0x000000070cc00000|  0%| F|  |TAMS 0x000000070ca00000, 0x000000070ca00000| Untracked 
|  89|0x000000070cc00000, 0x000000070cc00000, 0x000000070ce00000|  0%| F|  |TAMS 0x000000070cc00000, 0x000000070cc00000| Untracked 
|  90|0x000000070ce00000, 0x000000070ce00000, 0x000000070d000000|  0%| F|  |TAMS 0x000000070ce00000, 0x000000070ce00000| Untracked 
|  91|0x000000070d000000, 0x000000070d000000, 0x000000070d200000|  0%| F|  |TAMS 0x000000070d000000, 0x000000070d000000| Untracked 
|  92|0x000000070d200000, 0x000000070d200000, 0x000000070d400000|  0%| F|  |TAMS 0x000000070d200000, 0x000000070d200000| Untracked 
|  93|0x000000070d400000, 0x000000070d400000, 0x000000070d600000|  0%| F|  |TAMS 0x000000070d400000, 0x000000070d400000| Untracked 
|  94|0x000000070d600000, 0x000000070d600000, 0x000000070d800000|  0%| F|  |TAMS 0x000000070d600000, 0x000000070d600000| Untracked 
|  95|0x000000070d800000, 0x000000070d800000, 0x000000070da00000|  0%| F|  |TAMS 0x000000070d800000, 0x000000070d800000| Untracked 
|  96|0x000000070da00000, 0x000000070da00000, 0x000000070dc00000|  0%| F|  |TAMS 0x000000070da00000, 0x000000070da00000| Untracked 
|  97|0x000000070dc00000, 0x000000070dc00000, 0x000000070de00000|  0%| F|  |TAMS 0x000000070dc00000, 0x000000070dc00000| Untracked 
|  98|0x000000070de00000, 0x000000070de00000, 0x000000070e000000|  0%| F|  |TAMS 0x000000070de00000, 0x000000070de00000| Untracked 
|  99|0x000000070e000000, 0x000000070e000000, 0x000000070e200000|  0%| F|  |TAMS 0x000000070e000000, 0x000000070e000000| Untracked 
| 100|0x000000070e200000, 0x000000070e200000, 0x000000070e400000|  0%| F|  |TAMS 0x000000070e200000, 0x000000070e200000| Untracked 
| 101|0x000000070e400000, 0x000000070e400000, 0x000000070e600000|  0%| F|  |TAMS 0x000000070e400000, 0x000000070e400000| Untracked 
| 102|0x000000070e600000, 0x000000070e600000, 0x000000070e800000|  0%| F|  |TAMS 0x000000070e600000, 0x000000070e600000| Untracked 
| 103|0x000000070e800000, 0x000000070e800000, 0x000000070ea00000|  0%| F|  |TAMS 0x000000070e800000, 0x000000070e800000| Untracked 
| 104|0x000000070ea00000, 0x000000070ea00000, 0x000000070ec00000|  0%| F|  |TAMS 0x000000070ea00000, 0x000000070ea00000| Untracked 
| 105|0x000000070ec00000, 0x000000070ec00000, 0x000000070ee00000|  0%| F|  |TAMS 0x000000070ec00000, 0x000000070ec00000| Untracked 
| 106|0x000000070ee00000, 0x000000070ee00000, 0x000000070f000000|  0%| F|  |TAMS 0x000000070ee00000, 0x000000070ee00000| Untracked 
| 107|0x000000070f000000, 0x000000070f000000, 0x000000070f200000|  0%| F|  |TAMS 0x000000070f000000, 0x000000070f000000| Untracked 
| 108|0x000000070f200000, 0x000000070f200000, 0x000000070f400000|  0%| F|  |TAMS 0x000000070f200000, 0x000000070f200000| Untracked 
| 109|0x000000070f400000, 0x000000070f400000, 0x000000070f600000|  0%| F|  |TAMS 0x000000070f400000, 0x000000070f400000| Untracked 
| 110|0x000000070f600000, 0x000000070f600000, 0x000000070f800000|  0%| F|  |TAMS 0x000000070f600000, 0x000000070f600000| Untracked 
| 111|0x000000070f800000, 0x000000070f800000, 0x000000070fa00000|  0%| F|  |TAMS 0x000000070f800000, 0x000000070f800000| Untracked 
| 112|0x000000070fa00000, 0x000000070fa00000, 0x000000070fc00000|  0%| F|  |TAMS 0x000000070fa00000, 0x000000070fa00000| Untracked 
| 113|0x000000070fc00000, 0x000000070fc00000, 0x000000070fe00000|  0%| F|  |TAMS 0x000000070fc00000, 0x000000070fc00000| Untracked 
| 114|0x000000070fe00000, 0x000000070fe00000, 0x0000000710000000|  0%| F|  |TAMS 0x000000070fe00000, 0x000000070fe00000| Untracked 
| 115|0x0000000710000000, 0x0000000710000000, 0x0000000710200000|  0%| F|  |TAMS 0x0000000710000000, 0x0000000710000000| Untracked 
| 116|0x0000000710200000, 0x0000000710200000, 0x0000000710400000|  0%| F|  |TAMS 0x0000000710200000, 0x0000000710200000| Untracked 
| 117|0x0000000710400000, 0x0000000710400000, 0x0000000710600000|  0%| F|  |TAMS 0x0000000710400000, 0x0000000710400000| Untracked 
| 118|0x0000000710600000, 0x0000000710600000, 0x0000000710800000|  0%| F|  |TAMS 0x0000000710600000, 0x0000000710600000| Untracked 
| 119|0x0000000710800000, 0x0000000710800000, 0x0000000710a00000|  0%| F|  |TAMS 0x0000000710800000, 0x0000000710800000| Untracked 
| 120|0x0000000710a00000, 0x0000000710a00000, 0x0000000710c00000|  0%| F|  |TAMS 0x0000000710a00000, 0x0000000710a00000| Untracked 
| 121|0x0000000710c00000, 0x0000000710c00000, 0x0000000710e00000|  0%| F|  |TAMS 0x0000000710c00000, 0x0000000710c00000| Untracked 
| 122|0x0000000710e00000, 0x0000000710e00000, 0x0000000711000000|  0%| F|  |TAMS 0x0000000710e00000, 0x0000000710e00000| Untracked 
| 123|0x0000000711000000, 0x0000000711000000, 0x0000000711200000|  0%| F|  |TAMS 0x0000000711000000, 0x0000000711000000| Untracked 
| 124|0x0000000711200000, 0x0000000711357508, 0x0000000711400000| 67%| E|  |TAMS 0x0000000711200000, 0x0000000711200000| Complete 
| 125|0x0000000711400000, 0x0000000711600000, 0x0000000711600000|100%| E|CS|TAMS 0x0000000711400000, 0x0000000711400000| Complete 
| 126|0x0000000711600000, 0x0000000711800000, 0x0000000711800000|100%| E|CS|TAMS 0x0000000711600000, 0x0000000711600000| Complete 
| 127|0x0000000711800000, 0x0000000711a00000, 0x0000000711a00000|100%| E|CS|TAMS 0x0000000711800000, 0x0000000711800000| Complete 

Card table byte_map: [0x00000189e6ed0000,0x00000189e76d0000] _byte_map_base: 0x00000189e36c3000

Marking Bits (Prev, Next): (CMBitMap*) 0x00000189cfa56dd0, (CMBitMap*) 0x00000189cfa56e10
 Prev Bits: [0x00000189e7ed0000, 0x00000189ebe68000)
 Next Bits: [0x00000189ebe70000, 0x00000189efe08000)

Polling page: 0x00000189cd6c0000

Metaspace:

Usage:
  Non-class:      1.55 MB used.
      Class:    135.97 KB used.
       Both:      1.68 MB used.

Virtual space:
  Non-class space:        8.00 MB reserved,       1.56 MB ( 20%) committed,  1 nodes.
      Class space:        1.00 GB reserved,     192.00 KB ( <1%) committed,  1 nodes.
              Both:        1.01 GB reserved,       1.75 MB ( <1%) committed. 

Chunk freelists:
   Non-Class:  3.56 MB
       Class:  3.69 MB
        Both:  7.25 MB

MaxMetaspaceSize: 17179869184.00 GB
CompressedClassSpaceSize: 1.00 GB
 - commit_granule_bytes: 65536.
 - commit_granule_words: 8192.
 - virtual_space_node_default_size: 1048576.
 - enlarge_chunks_in_place: 1.
 - new_chunks_are_fully_committed: 0.
 - uncommit_free_chunks: 1.
 - use_allocation_guard: 0.
 - handle_deallocations: 1.


Internal statistics:

num_allocs_failed_limit: 0.
num_arena_births: 12.
num_arena_deaths: 0.
num_vsnodes_births: 2.
num_vsnodes_deaths: 0.
num_space_committed: 28.
num_space_uncommitted: 0.
num_chunks_returned_to_freelist: 0.
num_chunks_taken_from_freelist: 35.
num_chunk_merges: 0.
num_chunk_splits: 24.
num_chunks_enlarged: 20.
num_purges: 0.

CodeHeap 'non-profiled nmethods': size=120000Kb used=129Kb max_used=129Kb free=119870Kb
 bounds [0x00000189dec40000, 0x00000189deeb0000, 0x00000189e6170000]
CodeHeap 'profiled nmethods': size=120000Kb used=545Kb max_used=545Kb free=119454Kb
 bounds [0x00000189d7710000, 0x00000189d7980000, 0x00000189dec40000]
CodeHeap 'non-nmethods': size=5760Kb used=1138Kb max_used=1152Kb free=4621Kb
 bounds [0x00000189d7170000, 0x00000189d73e0000, 0x00000189d7710000]
 total_blobs=821 nmethods=403 adapters=331
 compilation: enabled
              stopped_count=0, restarted_count=0
 full_count=0

Compilation events (20 events):
Event: 0.264 Thread 0x00000189f2aaadc0 nmethod 393% 0x00000189d778c190 code [0x00000189d778c5a0, 0x00000189d778f758]
Event: 0.268 Thread 0x00000189f2aaadc0  394       3       java.nio.Buffer::limit (65 bytes)
Event: 0.268 Thread 0x00000189f2aaadc0 nmethod 394 0x00000189d7790610 code [0x00000189d77907c0, 0x00000189d7790a88]
Event: 0.268 Thread 0x00000189f2aaadc0  395       3       java.nio.ByteBuffer::position (8 bytes)
Event: 0.268 Thread 0x00000189f2aaadc0 nmethod 395 0x00000189d7790b90 code [0x00000189d7790d40, 0x00000189d7790e88]
Event: 0.269 Thread 0x00000189f2aaadc0  396       3       java.io.BufferedReader::ensureOpen (18 bytes)
Event: 0.269 Thread 0x00000189f2aaadc0 nmethod 396 0x00000189d7790f10 code [0x00000189d77910c0, 0x00000189d77912e8]
Event: 0.269 Thread 0x00000189f2aaadc0  397       3       java.io.StreamTokenizer::read (38 bytes)
Event: 0.269 Thread 0x00000189f2aaadc0 nmethod 397 0x00000189d7791410 code [0x00000189d7791600, 0x00000189d7791a28]
Event: 0.269 Thread 0x00000189f2aaadc0  398   !   3       java.io.BufferedReader::read (104 bytes)
Event: 0.269 Thread 0x00000189f2aaadc0 nmethod 398 0x00000189d7791b90 code [0x00000189d7791da0, 0x00000189d7792398]
Event: 0.270 Thread 0x00000189f2aaadc0  399       3       java.lang.String::equalsIgnoreCase (45 bytes)
Event: 0.270 Thread 0x00000189f2aaadc0 nmethod 399 0x00000189d7792710 code [0x00000189d7792900, 0x00000189d7792e68]
Event: 0.270 Thread 0x00000189f2aaadc0  400       3       java.lang.StringLatin1::regionMatchesCI (98 bytes)
Event: 0.270 Thread 0x00000189f2aaadc0 nmethod 400 0x00000189d7793090 code [0x00000189d77932c0, 0x00000189d7793a18]
Event: 0.270 Thread 0x00000189f2aaadc0  401       3       java.io.StreamTokenizer::nextToken (1268 bytes)
Event: 0.271 Thread 0x00000189f2aa83b0  404       4       java.io.StreamTokenizer::read (38 bytes)
Event: 0.271 Thread 0x00000189f34fd640  407   !   4       java.io.BufferedReader::read (104 bytes)
Event: 0.273 Thread 0x00000189f2aa83b0 nmethod 404 0x00000189dec5fa10 code [0x00000189dec5fba0, 0x00000189dec5fe78]
Event: 0.274 Thread 0x00000189f34fd640 nmethod 407 0x00000189dec60090 code [0x00000189dec60220, 0x00000189dec604f8]

GC Heap History (0 events):
No events

Deoptimization events (12 events):
Event: 0.153 Thread 0x00000189cfa03da0 DEOPT PACKING pc=0x00000189d771e8e7 sp=0x0000007d634fe1e0
Event: 0.153 Thread 0x00000189cfa03da0 DEOPT UNPACKING pc=0x00000189d71bdece sp=0x0000007d634fd600 mode 0
Event: 0.162 Thread 0x00000189cfa03da0 DEOPT PACKING pc=0x00000189d77175d1 sp=0x0000007d634fe1a0
Event: 0.162 Thread 0x00000189cfa03da0 DEOPT UNPACKING pc=0x00000189d71bdece sp=0x0000007d634fd618 mode 0
Event: 0.163 Thread 0x00000189cfa03da0 Uncommon trap: trap_request=0xffffff45 fr.pc=0x00000189dec572b0 relative=0x0000000000000190
Event: 0.163 Thread 0x00000189cfa03da0 Uncommon trap: reason=unstable_if action=reinterpret pc=0x00000189dec572b0 method=java.util.zip.ZipFile$Source.isMetaName([BII)Z @ 57 c2
Event: 0.163 Thread 0x00000189cfa03da0 DEOPT PACKING pc=0x00000189dec572b0 sp=0x0000007d634fdf50
Event: 0.163 Thread 0x00000189cfa03da0 DEOPT UNPACKING pc=0x00000189d71bd72e sp=0x0000007d634fdef8 mode 2
Event: 0.169 Thread 0x00000189cfa03da0 Uncommon trap: trap_request=0xffffff45 fr.pc=0x00000189dec434a0 relative=0x0000000000000080
Event: 0.169 Thread 0x00000189cfa03da0 Uncommon trap: reason=unstable_if action=reinterpret pc=0x00000189dec434a0 method=java.lang.String.isLatin1()Z @ 10 c2
Event: 0.170 Thread 0x00000189cfa03da0 DEOPT PACKING pc=0x00000189dec434a0 sp=0x0000007d634fee30
Event: 0.170 Thread 0x00000189cfa03da0 DEOPT UNPACKING pc=0x00000189d71bd72e sp=0x0000007d634fed70 mode 2

Classes unloaded (0 events):
No events

Classes redefined (0 events):
No events

Internal exceptions (3 events):
Event: 0.172 Thread 0x00000189f3731bb0 Exception <a 'java/lang/NoSuchMethodError'{0x00000007115437c8}: 'java.lang.Object java.lang.invoke.DirectMethodHandle$Holder.invokeStatic(java.lang.Object)'> (0x00000007115437c8) 
thrown [t:\workspace\open\src\hotspot\share\interpreter\linkResolver.cpp, line 790]
Event: 0.173 Thread 0x00000189f3731bb0 Exception <a 'java/lang/NoSuchMethodError'{0x00000007115470d8}: 'java.lang.Object java.lang.invoke.DirectMethodHandle$Holder.invokeStaticInit(java.lang.Object)'> (0x00000007115470d8) 
thrown [t:\workspace\open\src\hotspot\share\interpreter\linkResolver.cpp, line 790]
Event: 0.179 Thread 0x00000189f3731bb0 Exception <a 'java/lang/NoSuchMethodError'{0x0000000711554da0}: 'void java.lang.invoke.DirectMethodHandle$Holder.invokeStatic(java.lang.Object, java.lang.Object)'> (0x0000000711554da0) 
thrown [t:\workspace\open\src\hotspot\share\interpreter\linkResolver.cpp, line 790]

Events (20 events):
Event: 0.268 loading class java/io/StreamTokenizer done
Event: 0.268 loading class java/nio/channels/SelectableChannel
Event: 0.268 loading class java/nio/channels/SelectableChannel done
Event: 0.268 loading class sun/nio/ch/IOStatus
Event: 0.268 loading class sun/nio/ch/IOStatus done
Event: 0.269 loading class sun/security/provider/PolicyParser$GrantEntry
Event: 0.269 loading class sun/security/provider/PolicyParser$GrantEntry done
Event: 0.269 loading class sun/security/provider/PolicyParser$PermissionEntry
Event: 0.269 loading class sun/security/provider/PolicyParser$PermissionEntry done
Event: 0.269 loading class sun/security/util/PropertyExpander
Event: 0.269 loading class sun/security/util/PropertyExpander done
Event: 0.273 loading class java/util/Vector$1
Event: 0.273 loading class java/util/Vector$1 done
Event: 0.273 loading class sun/net/www/protocol/jrt/Handler
Event: 0.273 loading class sun/net/www/protocol/jrt/Handler done
Event: 0.273 loading class sun/security/provider/PolicyFile$PolicyEntry
Event: 0.274 loading class sun/security/provider/PolicyFile$PolicyEntry done
Event: 0.274 loading class java/net/SocketPermission
Event: 0.274 loading class java/net/SocketPermission done
Event: 0.274 loading class java/util/PropertyPermission


Dynamic libraries:
0x00007ff74c600000 - 0x00007ff74c610000 	C:\Program Files\Java\jdk-16.0.2\bin\java.exe
0x00007fff83940000 - 0x00007fff83b30000 	C:\Windows\SYSTEM32\ntdll.dll
0x00007fff82830000 - 0x00007fff828e2000 	C:\Windows\System32\KERNEL32.DLL
0x00007fff80f60000 - 0x00007fff81203000 	C:\Windows\System32\KERNELBASE.dll
0x00007fff80e60000 - 0x00007fff80f5a000 	C:\Windows\System32\ucrtbase.dll
0x00007fff7c4f0000 - 0x00007fff7c509000 	C:\Program Files\Java\jdk-16.0.2\bin\VCRUNTIME140.dll
0x00007fff7c510000 - 0x00007fff7c528000 	C:\Program Files\Java\jdk-16.0.2\bin\jli.dll
0x00007fff824f0000 - 0x00007fff82593000 	C:\Windows\System32\ADVAPI32.dll
0x00007fff82970000 - 0x00007fff82a0e000 	C:\Windows\System32\msvcrt.dll
0x00007fff82c10000 - 0x00007fff82ca7000 	C:\Windows\System32\sechost.dll
0x00007fff82a10000 - 0x00007fff82b30000 	C:\Windows\System32\RPCRT4.dll
0x00007fff81e00000 - 0x00007fff81f94000 	C:\Windows\System32\USER32.dll
0x00007fff81240000 - 0x00007fff81261000 	C:\Windows\System32\win32u.dll
0x00007fff6a5a0000 - 0x00007fff6a825000 	C:\Windows\WinSxS\amd64_microsoft.windows.common-controls_6595b64144ccf1df_6.0.18362.657_none_e6c5b579130e3898\COMCTL32.dll
0x00007fff824c0000 - 0x00007fff824e6000 	C:\Windows\System32\GDI32.dll
0x00007fff82cb0000 - 0x00007fff82fe6000 	C:\Windows\System32\combase.dll
0x00007fff808d0000 - 0x00007fff80a64000 	C:\Windows\System32\gdi32full.dll
0x00007fff80de0000 - 0x00007fff80e60000 	C:\Windows\System32\bcryptPrimitives.dll
0x00007fff80c70000 - 0x00007fff80d0e000 	C:\Windows\System32\msvcp_win.dll
0x00007fff7a2b0000 - 0x00007fff7a2ba000 	C:\Windows\SYSTEM32\VERSION.dll
0x00007fff81ce0000 - 0x00007fff81d0e000 	C:\Windows\System32\IMM32.DLL
0x00007fff7af20000 - 0x00007fff7af2c000 	C:\Program Files\Java\jdk-16.0.2\bin\vcruntime140_1.dll
0x00007fff4a200000 - 0x00007fff4a291000 	C:\Program Files\Java\jdk-16.0.2\bin\msvcp140.dll
0x00007fff49650000 - 0x00007fff4a1fb000 	C:\Program Files\Java\jdk-16.0.2\bin\server\jvm.dll
0x00007fff830a0000 - 0x00007fff830a8000 	C:\Windows\System32\PSAPI.DLL
0x00007fff7c590000 - 0x00007fff7c599000 	C:\Windows\SYSTEM32\WSOCK32.dll
0x00007fff7b2f0000 - 0x00007fff7b314000 	C:\Windows\SYSTEM32\WINMM.dll
0x00007fff82900000 - 0x00007fff8296f000 	C:\Windows\System32\WS2_32.dll
0x00007fff7b2c0000 - 0x00007fff7b2ed000 	C:\Windows\SYSTEM32\winmmbase.dll
0x00007fff80a70000 - 0x00007fff80aba000 	C:\Windows\System32\cfgmgr32.dll
0x00007fff80870000 - 0x00007fff80881000 	C:\Windows\System32\kernel.appcore.dll
0x00007fff79990000 - 0x00007fff7999a000 	C:\Program Files\Java\jdk-16.0.2\bin\jimage.dll
0x00007fff7f140000 - 0x00007fff7f334000 	C:\Windows\SYSTEM32\DBGHELP.DLL
0x00007fff5dfd0000 - 0x00007fff5dffa000 	C:\Windows\SYSTEM32\dbgcore.DLL
0x00007fff79980000 - 0x00007fff7998e000 	C:\Program Files\Java\jdk-16.0.2\bin\instrument.dll
0x00007fff76b20000 - 0x00007fff76b45000 	C:\Program Files\Java\jdk-16.0.2\bin\java.dll
0x00007fff83210000 - 0x00007fff838f5000 	C:\Windows\System32\SHELL32.dll
0x00007fff82ff0000 - 0x00007fff83099000 	C:\Windows\System32\shcore.dll
0x00007fff81270000 - 0x00007fff819ef000 	C:\Windows\System32\windows.storage.dll
0x00007fff80890000 - 0x00007fff808af000 	C:\Windows\System32\profapi.dll
0x00007fff80820000 - 0x00007fff8086a000 	C:\Windows\System32\powrprof.dll
0x00007fff80810000 - 0x00007fff80820000 	C:\Windows\System32\UMPDC.dll
0x00007fff81d90000 - 0x00007fff81de2000 	C:\Windows\System32\shlwapi.dll
0x00007fff80dc0000 - 0x00007fff80dd7000 	C:\Windows\System32\cryptsp.dll
0x00007fff517b0000 - 0x00007fff517c8000 	C:\Program Files\Java\jdk-16.0.2\bin\zip.dll
0x00007fff79930000 - 0x00007fff79949000 	C:\Program Files\Java\jdk-16.0.2\bin\net.dll
0x00007fff76db0000 - 0x00007fff76ea0000 	C:\Windows\SYSTEM32\WINHTTP.dll
0x00007fff80080000 - 0x00007fff800e7000 	C:\Windows\system32\mswsock.dll
0x00007fff60b10000 - 0x00007fff60b23000 	C:\Program Files\Java\jdk-16.0.2\bin\nio.dll
0x00007fff51790000 - 0x00007fff517aa000 	C:\Program Files\JetBrains\IntelliJ IDEA Community Edition 2021.2.3\bin\breakgen64.dll
0x00007fff79970000 - 0x00007fff79980000 	C:\Program Files\Java\jdk-16.0.2\bin\verify.dll

dbghelp: loaded successfully - version: 4.0.5 - missing functions: none
symbol engine: initialized successfully - sym options: 0x614 - pdb path: .;C:\Program Files\Java\jdk-16.0.2\bin;C:\Windows\SYSTEM32;C:\Windows\WinSxS\amd64_microsoft.windows.common-controls_6595b64144ccf1df_6.0.18362.657_none_e6c5b579130e3898;C:\Program Files\Java\jdk-16.0.2\bin\server;C:\Program Files\JetBrains\IntelliJ IDEA Community Edition 2021.2.3\bin

VM Arguments:
jvm_args: -javaagent:C:\Program Files\JetBrains\IntelliJ IDEA Community Edition 2021.2.3\lib\idea_rt.jar=59799:C:\Program Files\JetBrains\IntelliJ IDEA Community Edition 2021.2.3\bin -Dfile.encoding=UTF-8 
java_command: com.isj.gestiondenote.ClientWeb.ProjetTutoreApplication
java_class_path (initial): D:\ISI\IS4\projet-tutore\Projet Tutoré\projet_tutore_inge4\target\classes;C:\Users\Honore\.m2\repository\org\springframework\boot\spring-boot-starter-thymeleaf\2.7.4\spring-boot-starter-thymeleaf-2.7.4.jar;C:\Users\Honore\.m2\repository\org\springframework\boot\spring-boot-starter\2.7.4\spring-boot-starter-2.7.4.jar;C:\Users\Honore\.m2\repository\org\springframework\boot\spring-boot-starter-logging\2.7.4\spring-boot-starter-logging-2.7.4.jar;C:\Users\Honore\.m2\repository\ch\qos\logback\logback-classic\1.2.11\logback-classic-1.2.11.jar;C:\Users\Honore\.m2\repository\ch\qos\logback\logback-core\1.2.11\logback-core-1.2.11.jar;C:\Users\Honore\.m2\repository\org\apache\logging\log4j\log4j-to-slf4j\2.17.2\log4j-to-slf4j-2.17.2.jar;C:\Users\Honore\.m2\repository\org\apache\logging\log4j\log4j-api\2.17.2\log4j-api-2.17.2.jar;C:\Users\Honore\.m2\repository\org\slf4j\jul-to-slf4j\1.7.36\jul-to-slf4j-1.7.36.jar;C:\Users\Honore\.m2\repository\jakarta\annotation\jakarta.annotation-api\1.3.5\jakarta.annotation-api-1.3.5.jar;C:\Users\Honore\.m2\repository\org\yaml\snakeyaml\1.30\snakeyaml-1.30.jar;C:\Users\Honore\.m2\repository\org\thymeleaf\thymeleaf-spring5\3.0.15.RELEASE\thymeleaf-spring5-3.0.15.RELEASE.jar;C:\Users\Honore\.m2\repository\org\thymeleaf\thymeleaf\3.0.15.RELEASE\thymeleaf-3.0.15.RELEASE.jar;C:\Users\Honore\.m2\repository\org\attoparser\attoparser\2.0.5.RELEASE\attoparser-2.0.5.RELEASE.jar;C:\Users\Honore\.m2\repository\org\unbescape\unbescape\1.1.6.RELEASE\unbescape-1.1.6.RELEASE.jar;C:\Users\Honore\.m2\repository\org\slf4j\slf4j-api\1.7.36\slf4j-api-1.7.36.jar;C:\Users\Honore\.m2\repository\org\thymeleaf\extras\thymeleaf-extras-java8time\3.0.4.RELEASE\thymeleaf-extras-java8time-3.0.4.RELEASE.jar;C:\Users\Honore\.m2\repository\org\springframework\boot\spring-boot-starter-web\2.7.4\spring-boot-starter-web-2.7.4.jar;C:\Users\Honore\.m2\repository\org\springframework\boot\spring-boot-starter-json\2.7.4\spring-boot-starter-json-2.7.4.jar;
Launcher Type: SUN_STANDARD

[Global flags]
     intx CICompilerCount                          = 4                                         {product} {ergonomic}
     uint ConcGCThreads                            = 3                                         {product} {ergonomic}
     uint G1ConcRefinementThreads                  = 10                                        {product} {ergonomic}
   size_t G1HeapRegionSize                         = 2097152                                   {product} {ergonomic}
    uintx GCDrainStackTargetSize                   = 64                                        {product} {ergonomic}
   size_t InitialHeapSize                          = 268435456                                 {product} {ergonomic}
   size_t MarkStackSize                            = 4194304                                   {product} {ergonomic}
   size_t MaxHeapSize                              = 4267704320                                {product} {ergonomic}
   size_t MaxNewSize                               = 2560622592                                {product} {ergonomic}
   size_t MinHeapDeltaBytes                        = 2097152                                   {product} {ergonomic}
   size_t MinHeapSize                              = 8388608                                   {product} {ergonomic}
    uintx NonNMethodCodeHeapSize                   = 5839372                                {pd product} {ergonomic}
    uintx NonProfiledCodeHeapSize                  = 122909434                              {pd product} {ergonomic}
    uintx ProfiledCodeHeapSize                     = 122909434                              {pd product} {ergonomic}
    uintx ReservedCodeCacheSize                    = 251658240                              {pd product} {ergonomic}
     bool SegmentedCodeCache                       = true                                      {product} {ergonomic}
   size_t SoftMaxHeapSize                          = 4267704320                             {manageable} {ergonomic}
     bool UseCompressedClassPointers               = true                           {product lp64_product} {ergonomic}
     bool UseCompressedOops                        = true                           {product lp64_product} {ergonomic}
     bool UseG1GC                                  = true                                      {product} {ergonomic}
     bool UseLargePagesIndividualAllocation        = false                                  {pd product} {ergonomic}

Logging:
Log output configuration:
 #0: stdout all=warning uptime,level,tags
 #1: stderr all=off uptime,level,tags

Environment Variables:
JAVA_HOME=C:\Program Files\Java\jdk1.8.0_202
PATH=C:\Python311\Scripts\;C:\Python311\;C:\Program Files\Common Files\Oracle\Java\javapath;C:\Program Files (x86)\Common Files\Oracle\Java\javapath;C:\Windows\system32;C:\Windows;C:\Windows\System32\Wbem;C:\Windows\System32\WindowsPowerShell\v1.0\;C:\Windows\System32\OpenSSH\;C:\Program Files\nodejs\;C:\ProgramData\chocolatey\bin;C:\Program Files\Git\cmd;C:\Program Files\Docker\Docker\resources\bin;C:\ProgramData\DockerDesktop\version-bin;C:\Program Files\MySQL\MySQL Shell 8.0\bin\;C:\Users\Honore\AppData\Local\Microsoft\WindowsApps;C:\Program Files\JetBrains\IntelliJ IDEA Community Edition 2021.2.3\bin;;C:\Users\Honore\AppData\Roaming\npm;C:\Users\Honore\AppData\Local\Programs\Microsoft VS Code\bin;C:\Program Files\Java\jdk-16.0.2\bin;C:\Program Files (x86)\apache-maven-3.6.3;C:\Program Files\Java\jdk1.8.0_202\bin;C:\Program Files (x86)\apache-maven-3.6.3\bin;
USERNAME=Honore
OS=Windows_NT
PROCESSOR_IDENTIFIER=Intel64 Family 6 Model 158 Stepping 10, GenuineIntel



---------------  S Y S T E M  ---------------

OS:
 Windows 10 , 64 bit Build 18362 (10.0.18362.329)
OS uptime: 1 days 8:38 hours

CPU: total 12 (initial active 12) (6 cores per cpu, 2 threads per core) family 6 model 158 stepping 10 microcode 0xb4, cx8, cmov, fxsr, ht, mmx, 3dnowpref, sse, sse2, sse3, ssse3, sse4.1, sse4.2, popcnt, lzcnt, tsc, tscinvbit, avx, avx2, aes, erms, clmul, bmi1, bmi2, adx, fma, vzeroupper, clflush, clflushopt

Memory: 4k page, system-wide physical 16272M (775M free)
TotalPageFile size 46716M (AvailPageFile size 2M)
current process WorkingSet (physical memory assigned to process): 43M, peak: 43M
current process commit charge ("private bytes"): 352M, peak: 352M

vm_info: Java HotSpot(TM) 64-Bit Server VM (16.0.2+7-67) for windows-amd64 JRE (16.0.2+7-67), built on Jun  8 2021 23:24:19 by "mach5one" with MS VC++ 16.7 (VS2019)

END.
